Determining if the pthread_create exist failed with the following output:
Change Dir: /home/seif/ssd_workspace/data_collection_threads_2/build/CMakeFiles/CMakeTmp

Run Build Command:"/usr/bin/make" "cmTC_de560/fast"
/usr/bin/make -f CMakeFiles/cmTC_de560.dir/build.make CMakeFiles/cmTC_de560.dir/build
make[1]: Entering directory '/home/seif/ssd_workspace/data_collection_threads_2/build/CMakeFiles/CMakeTmp'
Building C object CMakeFiles/cmTC_de560.dir/CheckSymbolExists.c.o
/usr/bin/cc    -o CMakeFiles/cmTC_de560.dir/CheckSymbolExists.c.o   -c /home/seif/ssd_workspace/data_collection_threads_2/build/CMakeFiles/CMakeTmp/CheckSymbolExists.c
Linking C executable cmTC_de560
/usr/bin/cmake -E cmake_link_script CMakeFiles/cmTC_de560.dir/link.txt --verbose=1
/usr/bin/cc      -rdynamic CMakeFiles/cmTC_de560.dir/CheckSymbolExists.c.o  -o cmTC_de560 
CMakeFiles/cmTC_de560.dir/CheckSymbolExists.c.o: In function `main':
CheckSymbolExists.c:(.text+0x1b): undefined reference to `pthread_create'
collect2: error: ld returned 1 exit status
CMakeFiles/cmTC_de560.dir/build.make:97: recipe for target 'cmTC_de560' failed
make[1]: *** [cmTC_de560] Error 1
make[1]: Leaving directory '/home/seif/ssd_workspace/data_collection_threads_2/build/CMakeFiles/CMakeTmp'
Makefile:126: recipe for target 'cmTC_de560/fast' failed
make: *** [cmTC_de560/fast] Error 2

File /home/seif/ssd_workspace/data_collection_threads_2/build/CMakeFiles/CMakeTmp/CheckSymbolExists.c:
/* */
#include <pthread.h>

int main(int argc, char** argv)
{
  (void)argv;
#ifndef pthread_create
  return ((int*)(&pthread_create))[argc];
#else
  (void)argc;
  return 0;
#endif
}

Determining if the function pthread_create exists in the pthreads failed with the following output:
Change Dir: /home/seif/ssd_workspace/data_collection_threads_2/build/CMakeFiles/CMakeTmp

Run Build Command:"/usr/bin/make" "cmTC_6bf37/fast"
/usr/bin/make -f CMakeFiles/cmTC_6bf37.dir/build.make CMakeFiles/cmTC_6bf37.dir/build
make[1]: Entering directory '/home/seif/ssd_workspace/data_collection_threads_2/build/CMakeFiles/CMakeTmp'
Building C object CMakeFiles/cmTC_6bf37.dir/CheckFunctionExists.c.o
/usr/bin/cc   -DCHECK_FUNCTION_EXISTS=pthread_create   -o CMakeFiles/cmTC_6bf37.dir/CheckFunctionExists.c.o   -c /usr/share/cmake-3.10/Modules/CheckFunctionExists.c
Linking C executable cmTC_6bf37
/usr/bin/cmake -E cmake_link_script CMakeFiles/cmTC_6bf37.dir/link.txt --verbose=1
/usr/bin/cc  -DCHECK_FUNCTION_EXISTS=pthread_create    -rdynamic CMakeFiles/cmTC_6bf37.dir/CheckFunctionExists.c.o  -o cmTC_6bf37 -lpthreads 
/usr/bin/ld: cannot find -lpthreads
collect2: error: ld returned 1 exit status
CMakeFiles/cmTC_6bf37.dir/build.make:97: recipe for target 'cmTC_6bf37' failed
make[1]: *** [cmTC_6bf37] Error 1
make[1]: Leaving directory '/home/seif/ssd_workspace/data_collection_threads_2/build/CMakeFiles/CMakeTmp'
Makefile:126: recipe for target 'cmTC_6bf37/fast' failed
make: *** [cmTC_6bf37/fast] Error 2


