Determining if the pthread_create exist failed with the following output:
Change Dir: /home/seif/workspace/data_collection_threads/build/CMakeFiles/CMakeTmp

Run Build Command:"/usr/bin/make" "cmTC_09dd7/fast"
/usr/bin/make -f CMakeFiles/cmTC_09dd7.dir/build.make CMakeFiles/cmTC_09dd7.dir/build
make[1]: Entering directory '/home/seif/workspace/data_collection_threads/build/CMakeFiles/CMakeTmp'
Building C object CMakeFiles/cmTC_09dd7.dir/CheckSymbolExists.c.o
/usr/bin/cc    -o CMakeFiles/cmTC_09dd7.dir/CheckSymbolExists.c.o   -c /home/seif/workspace/data_collection_threads/build/CMakeFiles/CMakeTmp/CheckSymbolExists.c
Linking C executable cmTC_09dd7
/usr/bin/cmake -E cmake_link_script CMakeFiles/cmTC_09dd7.dir/link.txt --verbose=1
/usr/bin/cc      -rdynamic CMakeFiles/cmTC_09dd7.dir/CheckSymbolExists.c.o  -o cmTC_09dd7 
CMakeFiles/cmTC_09dd7.dir/CheckSymbolExists.c.o: In function `main':
CheckSymbolExists.c:(.text+0x1b): undefined reference to `pthread_create'
collect2: error: ld returned 1 exit status
CMakeFiles/cmTC_09dd7.dir/build.make:97: recipe for target 'cmTC_09dd7' failed
make[1]: *** [cmTC_09dd7] Error 1
make[1]: Leaving directory '/home/seif/workspace/data_collection_threads/build/CMakeFiles/CMakeTmp'
Makefile:126: recipe for target 'cmTC_09dd7/fast' failed
make: *** [cmTC_09dd7/fast] Error 2

File /home/seif/workspace/data_collection_threads/build/CMakeFiles/CMakeTmp/CheckSymbolExists.c:
/* */
#include <pthread.h>

int main(int argc, char** argv)
{
  (void)argv;
#ifndef pthread_create
  return ((int*)(&pthread_create))[argc];
#else
  (void)argc;
  return 0;
#endif
}

Determining if the function pthread_create exists in the pthreads failed with the following output:
Change Dir: /home/seif/workspace/data_collection_threads/build/CMakeFiles/CMakeTmp

Run Build Command:"/usr/bin/make" "cmTC_c89c4/fast"
/usr/bin/make -f CMakeFiles/cmTC_c89c4.dir/build.make CMakeFiles/cmTC_c89c4.dir/build
make[1]: Entering directory '/home/seif/workspace/data_collection_threads/build/CMakeFiles/CMakeTmp'
Building C object CMakeFiles/cmTC_c89c4.dir/CheckFunctionExists.c.o
/usr/bin/cc   -DCHECK_FUNCTION_EXISTS=pthread_create   -o CMakeFiles/cmTC_c89c4.dir/CheckFunctionExists.c.o   -c /usr/share/cmake-3.10/Modules/CheckFunctionExists.c
Linking C executable cmTC_c89c4
/usr/bin/cmake -E cmake_link_script CMakeFiles/cmTC_c89c4.dir/link.txt --verbose=1
/usr/bin/cc  -DCHECK_FUNCTION_EXISTS=pthread_create    -rdynamic CMakeFiles/cmTC_c89c4.dir/CheckFunctionExists.c.o  -o cmTC_c89c4 -lpthreads 
/usr/bin/ld: cannot find -lpthreads
collect2: error: ld returned 1 exit status
CMakeFiles/cmTC_c89c4.dir/build.make:97: recipe for target 'cmTC_c89c4' failed
make[1]: *** [cmTC_c89c4] Error 1
make[1]: Leaving directory '/home/seif/workspace/data_collection_threads/build/CMakeFiles/CMakeTmp'
Makefile:126: recipe for target 'cmTC_c89c4/fast' failed
make: *** [cmTC_c89c4/fast] Error 2


Determining if the pthread_create exist failed with the following output:
Change Dir: /home/seif/ssd_workspace/data_collection_threads/build/CMakeFiles/CMakeTmp

Run Build Command:"/usr/bin/make" "cmTC_5c410/fast"
/usr/bin/make -f CMakeFiles/cmTC_5c410.dir/build.make CMakeFiles/cmTC_5c410.dir/build
make[1]: Entering directory '/home/seif/ssd_workspace/data_collection_threads/build/CMakeFiles/CMakeTmp'
Building C object CMakeFiles/cmTC_5c410.dir/CheckSymbolExists.c.o
/usr/bin/cc    -o CMakeFiles/cmTC_5c410.dir/CheckSymbolExists.c.o   -c /home/seif/ssd_workspace/data_collection_threads/build/CMakeFiles/CMakeTmp/CheckSymbolExists.c
Linking C executable cmTC_5c410
/usr/bin/cmake -E cmake_link_script CMakeFiles/cmTC_5c410.dir/link.txt --verbose=1
/usr/bin/cc      -rdynamic CMakeFiles/cmTC_5c410.dir/CheckSymbolExists.c.o  -o cmTC_5c410 
CMakeFiles/cmTC_5c410.dir/CheckSymbolExists.c.o: In function `main':
CheckSymbolExists.c:(.text+0x1b): undefined reference to `pthread_create'
collect2: error: ld returned 1 exit status
CMakeFiles/cmTC_5c410.dir/build.make:97: recipe for target 'cmTC_5c410' failed
make[1]: *** [cmTC_5c410] Error 1
make[1]: Leaving directory '/home/seif/ssd_workspace/data_collection_threads/build/CMakeFiles/CMakeTmp'
Makefile:126: recipe for target 'cmTC_5c410/fast' failed
make: *** [cmTC_5c410/fast] Error 2

File /home/seif/ssd_workspace/data_collection_threads/build/CMakeFiles/CMakeTmp/CheckSymbolExists.c:
/* */
#include <pthread.h>

int main(int argc, char** argv)
{
  (void)argv;
#ifndef pthread_create
  return ((int*)(&pthread_create))[argc];
#else
  (void)argc;
  return 0;
#endif
}

Determining if the function pthread_create exists in the pthreads failed with the following output:
Change Dir: /home/seif/ssd_workspace/data_collection_threads/build/CMakeFiles/CMakeTmp

Run Build Command:"/usr/bin/make" "cmTC_1031d/fast"
/usr/bin/make -f CMakeFiles/cmTC_1031d.dir/build.make CMakeFiles/cmTC_1031d.dir/build
make[1]: Entering directory '/home/seif/ssd_workspace/data_collection_threads/build/CMakeFiles/CMakeTmp'
Building C object CMakeFiles/cmTC_1031d.dir/CheckFunctionExists.c.o
/usr/bin/cc   -DCHECK_FUNCTION_EXISTS=pthread_create   -o CMakeFiles/cmTC_1031d.dir/CheckFunctionExists.c.o   -c /usr/share/cmake-3.10/Modules/CheckFunctionExists.c
Linking C executable cmTC_1031d
/usr/bin/cmake -E cmake_link_script CMakeFiles/cmTC_1031d.dir/link.txt --verbose=1
/usr/bin/cc  -DCHECK_FUNCTION_EXISTS=pthread_create    -rdynamic CMakeFiles/cmTC_1031d.dir/CheckFunctionExists.c.o  -o cmTC_1031d -lpthreads 
/usr/bin/ld: cannot find -lpthreads
collect2: error: ld returned 1 exit status
CMakeFiles/cmTC_1031d.dir/build.make:97: recipe for target 'cmTC_1031d' failed
make[1]: *** [cmTC_1031d] Error 1
make[1]: Leaving directory '/home/seif/ssd_workspace/data_collection_threads/build/CMakeFiles/CMakeTmp'
Makefile:126: recipe for target 'cmTC_1031d/fast' failed
make: *** [cmTC_1031d/fast] Error 2


